172  [main] INFO  o.hibernate.cfg.annotations.Version - Hibernate Annotations 3.5.4-Final
188  [main] INFO  org.hibernate.cfg.Environment - Hibernate 3.5.4-Final
188  [main] INFO  org.hibernate.cfg.Environment - hibernate.properties not found
188  [main] INFO  org.hibernate.cfg.Environment - Bytecode provider name : javassist
188  [main] INFO  org.hibernate.cfg.Environment - using JDK 1.4 java.sql.Timestamp handling
250  [main] INFO  o.h.annotations.common.Version - Hibernate Commons Annotations 3.2.0.Final
328  [main] INFO  org.hibernate.cfg.AnnotationBinder - Binding entity from annotated class: ch.amaba.dao.model.CantonEntity
359  [main] INFO  o.h.cfg.annotations.EntityBinder - Bind entity ch.amaba.dao.model.CantonEntity on table canton
390  [main] INFO  org.hibernate.cfg.AnnotationBinder - Binding entity from annotated class: ch.amaba.dao.model.ContactEntity
390  [main] INFO  o.h.cfg.annotations.EntityBinder - Bind entity ch.amaba.dao.model.ContactEntity on table ContactEntity.java
390  [main] INFO  org.hibernate.cfg.AnnotationBinder - Binding entity from annotated class: ch.amaba.dao.model.InteretEntity
390  [main] INFO  o.h.cfg.annotations.EntityBinder - Bind entity ch.amaba.dao.model.InteretEntity on table interet
390  [main] INFO  org.hibernate.cfg.AnnotationBinder - Binding entity from annotated class: ch.amaba.dao.model.MessageStatutEntity
390  [main] INFO  o.h.cfg.annotations.EntityBinder - Bind entity ch.amaba.dao.model.MessageStatutEntity on table messageStatut
390  [main] INFO  org.hibernate.cfg.AnnotationBinder - Binding entity from annotated class: ch.amaba.dao.model.MusiqueEntity
390  [main] INFO  o.h.cfg.annotations.EntityBinder - Bind entity ch.amaba.dao.model.MusiqueEntity on table musique
406  [main] INFO  org.hibernate.cfg.AnnotationBinder - Binding entity from annotated class: ch.amaba.dao.model.PaysEntity
406  [main] INFO  o.h.cfg.annotations.EntityBinder - Bind entity ch.amaba.dao.model.PaysEntity on table pays
406  [main] INFO  org.hibernate.cfg.AnnotationBinder - Binding entity from annotated class: ch.amaba.dao.model.PreferenceEntity
406  [main] INFO  o.h.cfg.annotations.EntityBinder - Bind entity ch.amaba.dao.model.PreferenceEntity on table preference
406  [main] INFO  org.hibernate.cfg.AnnotationBinder - Binding entity from annotated class: ch.amaba.dao.model.ProfessionEntity
406  [main] INFO  o.h.cfg.annotations.EntityBinder - Bind entity ch.amaba.dao.model.ProfessionEntity on table profession
406  [main] INFO  org.hibernate.cfg.AnnotationBinder - Binding entity from annotated class: ch.amaba.dao.model.ReligionEntity
406  [main] INFO  o.h.cfg.annotations.EntityBinder - Bind entity ch.amaba.dao.model.ReligionEntity on table religion
406  [main] INFO  org.hibernate.cfg.AnnotationBinder - Binding entity from annotated class: ch.amaba.dao.model.SexeEntity
406  [main] INFO  o.h.cfg.annotations.EntityBinder - Bind entity ch.amaba.dao.model.SexeEntity on table sexe
406  [main] INFO  org.hibernate.cfg.AnnotationBinder - Binding entity from annotated class: ch.amaba.dao.model.SportEntity
406  [main] INFO  o.h.cfg.annotations.EntityBinder - Bind entity ch.amaba.dao.model.SportEntity on table sport
406  [main] INFO  org.hibernate.cfg.AnnotationBinder - Binding entity from annotated class: ch.amaba.dao.model.TraductionEntity
406  [main] INFO  o.h.cfg.annotations.EntityBinder - Bind entity ch.amaba.dao.model.TraductionEntity on table traduction
406  [main] INFO  org.hibernate.cfg.AnnotationBinder - Binding entity from annotated class: ch.amaba.dao.model.UserAdressEntity
406  [main] INFO  o.h.cfg.annotations.EntityBinder - Bind entity ch.amaba.dao.model.UserAdressEntity on table usrAdress
406  [main] INFO  org.hibernate.cfg.AnnotationBinder - Binding entity from annotated class: ch.amaba.dao.model.UserAmiEntity
406  [main] INFO  o.h.cfg.annotations.EntityBinder - Bind entity ch.amaba.dao.model.UserAmiEntity on table usrAmi
422  [main] INFO  org.hibernate.cfg.AnnotationBinder - Binding entity from annotated class: ch.amaba.dao.model.UserConnectionEntity
422  [main] INFO  o.h.cfg.annotations.EntityBinder - Bind entity ch.amaba.dao.model.UserConnectionEntity on table usrConnection
422  [main] INFO  org.hibernate.cfg.AnnotationBinder - Binding entity from annotated class: ch.amaba.dao.model.UserContactEntity
422  [main] INFO  o.h.cfg.annotations.EntityBinder - Bind entity ch.amaba.dao.model.UserContactEntity on table usrContact
422  [main] INFO  org.hibernate.cfg.AnnotationBinder - Binding entity from annotated class: ch.amaba.dao.model.UserCoquinEntity
422  [main] INFO  o.h.cfg.annotations.EntityBinder - Bind entity ch.amaba.dao.model.UserCoquinEntity on table usrProfil
422  [main] INFO  org.hibernate.cfg.AnnotationBinder - Binding entity from annotated class: ch.amaba.dao.model.UserEntity
422  [main] INFO  o.h.cfg.annotations.EntityBinder - Bind entity ch.amaba.dao.model.UserEntity on table usr
468  [main] INFO  org.hibernate.cfg.AnnotationBinder - Binding entity from annotated class: ch.amaba.dao.model.UserInteretEntity
468  [main] INFO  o.h.cfg.annotations.EntityBinder - Bind entity ch.amaba.dao.model.UserInteretEntity on table usrInteret
468  [main] INFO  org.hibernate.cfg.AnnotationBinder - Binding entity from annotated class: ch.amaba.dao.model.UserMessageEntity
468  [main] INFO  o.h.cfg.annotations.EntityBinder - Bind entity ch.amaba.dao.model.UserMessageEntity on table usrMessage
468  [main] INFO  org.hibernate.cfg.AnnotationBinder - Binding entity from annotated class: ch.amaba.dao.model.UserMessageStatutEntity
468  [main] INFO  o.h.cfg.annotations.EntityBinder - Bind entity ch.amaba.dao.model.UserMessageStatutEntity on table usrMessageStatut
468  [main] INFO  org.hibernate.cfg.AnnotationBinder - Binding entity from annotated class: ch.amaba.dao.model.UserMusiqueEntity
468  [main] INFO  o.h.cfg.annotations.EntityBinder - Bind entity ch.amaba.dao.model.UserMusiqueEntity on table usrMusique
468  [main] INFO  org.hibernate.cfg.AnnotationBinder - Binding entity from annotated class: ch.amaba.dao.model.UserPhotoEntity
468  [main] INFO  o.h.cfg.annotations.EntityBinder - Bind entity ch.amaba.dao.model.UserPhotoEntity on table usrPhoto
468  [main] INFO  org.hibernate.cfg.AnnotationBinder - Binding entity from annotated class: ch.amaba.dao.model.UserPhysiqueEntity
468  [main] INFO  o.h.cfg.annotations.EntityBinder - Bind entity ch.amaba.dao.model.UserPhysiqueEntity on table usrPhysique
468  [main] INFO  org.hibernate.cfg.AnnotationBinder - Binding entity from annotated class: ch.amaba.dao.model.UserPreferenceEntity
468  [main] INFO  o.h.cfg.annotations.EntityBinder - Bind entity ch.amaba.dao.model.UserPreferenceEntity on table usrPreference
484  [main] INFO  org.hibernate.cfg.AnnotationBinder - Binding entity from annotated class: ch.amaba.dao.model.UserProfessionEntity
484  [main] INFO  o.h.cfg.annotations.EntityBinder - Bind entity ch.amaba.dao.model.UserProfessionEntity on table usrProfession
484  [main] INFO  org.hibernate.cfg.AnnotationBinder - Binding entity from annotated class: ch.amaba.dao.model.UserProfileEntity
484  [main] INFO  o.h.cfg.annotations.EntityBinder - Bind entity ch.amaba.dao.model.UserProfileEntity on table usrProfile
484  [main] INFO  org.hibernate.cfg.AnnotationBinder - Binding entity from annotated class: ch.amaba.dao.model.UserReligionEntity
484  [main] INFO  o.h.cfg.annotations.EntityBinder - Bind entity ch.amaba.dao.model.UserReligionEntity on table usrReligion
484  [main] INFO  org.hibernate.cfg.AnnotationBinder - Binding entity from annotated class: ch.amaba.dao.model.UserSportEntity
484  [main] INFO  o.h.cfg.annotations.EntityBinder - Bind entity ch.amaba.dao.model.UserSportEntity on table usrSport
484  [main] INFO  org.hibernate.cfg.AnnotationBinder - Binding entity from annotated class: ch.amaba.dao.model.UserStatutEntity
484  [main] INFO  o.h.cfg.annotations.EntityBinder - Bind entity ch.amaba.dao.model.UserStatutEntity on table usrStatut
531  [main] INFO  o.h.c.annotations.CollectionBinder - Mapping collection: ch.amaba.dao.model.UserMessageEntity.messageStatuts -> usrMessageStatut
531  [main] INFO  o.h.c.annotations.CollectionBinder - Mapping collection: ch.amaba.dao.model.UserEntity.userSports -> usrSport
531  [main] INFO  o.h.c.annotations.CollectionBinder - Mapping collection: ch.amaba.dao.model.UserEntity.userReligions -> usrReligion
531  [main] INFO  o.h.c.annotations.CollectionBinder - Mapping collection: ch.amaba.dao.model.UserEntity.userProfessions -> usrProfession
531  [main] INFO  o.h.c.annotations.CollectionBinder - Mapping collection: ch.amaba.dao.model.UserEntity.userPhotos -> usrPhoto
531  [main] INFO  o.h.c.annotations.CollectionBinder - Mapping collection: ch.amaba.dao.model.UserEntity.userMusics -> usrMusique
531  [main] INFO  o.h.c.annotations.CollectionBinder - Mapping collection: ch.amaba.dao.model.UserEntity.userInterets -> usrInteret
531  [main] INFO  o.h.c.annotations.CollectionBinder - Mapping collection: ch.amaba.dao.model.UserEntity.userContacts -> usrContact
531  [main] INFO  o.h.c.annotations.CollectionBinder - Mapping collection: ch.amaba.dao.model.UserEntity.userAmis -> usrAmi
531  [main] INFO  o.h.c.annotations.CollectionBinder - Mapping collection: ch.amaba.dao.model.UserEntity.userAdresses -> usrAdress
531  [main] INFO  o.h.c.annotations.CollectionBinder - Mapping collection: ch.amaba.dao.model.UserEntity.userProfil -> usrProfile
531  [main] INFO  o.h.cfg.AnnotationConfiguration - Hibernate Validator not found: ignoring
546  [main] INFO  o.hibernate.validator.util.Version - Hibernate Validator 4.1.0.Final
562  [main] INFO  o.h.v.e.r.DefaultTraversableResolver - Instantiated an instance of org.hibernate.validator.engine.resolver.JPATraversableResolver.
610  [main] INFO  o.h.v.e.r.DefaultTraversableResolver - Instantiated an instance of org.hibernate.validator.engine.resolver.JPATraversableResolver.
625  [main] INFO  o.h.c.s.HibernateSearchEventListenerRegister - Unable to find org.hibernate.search.event.FullTextIndexEventListener on the classpath. Hibernate Search is not enabled.
625  [main] INFO  o.h.v.e.r.DefaultTraversableResolver - Instantiated an instance of org.hibernate.validator.engine.resolver.JPATraversableResolver.
642  [main] INFO  o.h.c.ConnectionProviderFactory - Initializing connection provider: org.springframework.orm.hibernate3.LocalDataSourceConnectionProvider
829  [main] INFO  org.hibernate.cfg.SettingsFactory - RDBMS: MySQL, version: 5.5.10
829  [main] INFO  org.hibernate.cfg.SettingsFactory - JDBC driver: MySQL-AB JDBC Driver, version: mysql-connector-java-5.1.15 ( Revision: ${bzr.revision-id} )
845  [main] INFO  org.hibernate.dialect.Dialect - Using dialect: org.hibernate.dialect.MySQL5Dialect
845  [main] INFO  o.h.t.TransactionFactoryFactory - Transaction strategy: org.springframework.orm.hibernate3.SpringTransactionFactory
860  [main] INFO  o.h.t.TransactionManagerLookupFactory - No TransactionManagerLookup configured (in JTA environment, use of read-write or transactional second-level cache is not recommended)
860  [main] INFO  org.hibernate.cfg.SettingsFactory - Automatic flush during beforeCompletion(): disabled
860  [main] INFO  org.hibernate.cfg.SettingsFactory - Automatic session close at end of transaction: disabled
860  [main] INFO  org.hibernate.cfg.SettingsFactory - JDBC batch size: 20
860  [main] INFO  org.hibernate.cfg.SettingsFactory - JDBC batch updates for versioned data: disabled
860  [main] INFO  org.hibernate.cfg.SettingsFactory - Scrollable result sets: enabled
860  [main] INFO  org.hibernate.cfg.SettingsFactory - JDBC3 getGeneratedKeys(): enabled
860  [main] INFO  org.hibernate.cfg.SettingsFactory - Connection release mode: auto
860  [main] INFO  org.hibernate.cfg.SettingsFactory - Maximum outer join fetch depth: 3
860  [main] INFO  org.hibernate.cfg.SettingsFactory - Default batch fetch size: 1
860  [main] INFO  org.hibernate.cfg.SettingsFactory - Generate SQL with comments: disabled
860  [main] INFO  org.hibernate.cfg.SettingsFactory - Order SQL updates by primary key: disabled
860  [main] INFO  org.hibernate.cfg.SettingsFactory - Order SQL inserts for batching: disabled
860  [main] INFO  org.hibernate.cfg.SettingsFactory - Query translator: org.hibernate.hql.ast.ASTQueryTranslatorFactory
860  [main] INFO  o.h.h.ast.ASTQueryTranslatorFactory - Using ASTQueryTranslatorFactory
860  [main] INFO  org.hibernate.cfg.SettingsFactory - Query language substitutions: {false='N', true='Y'}
860  [main] INFO  org.hibernate.cfg.SettingsFactory - JPA-QL strict compliance: disabled
860  [main] INFO  org.hibernate.cfg.SettingsFactory - Second-level cache: disabled
860  [main] INFO  org.hibernate.cfg.SettingsFactory - Query cache: disabled
860  [main] INFO  org.hibernate.cfg.SettingsFactory - Cache region factory : org.hibernate.cache.impl.NoCachingRegionFactory
860  [main] INFO  org.hibernate.cfg.SettingsFactory - Optimize cache for minimal puts: disabled
860  [main] INFO  org.hibernate.cfg.SettingsFactory - Structured second-level cache entries: disabled
860  [main] INFO  org.hibernate.cfg.SettingsFactory - Echoing all SQL to stdout
860  [main] INFO  org.hibernate.cfg.SettingsFactory - Statistics: disabled
860  [main] INFO  org.hibernate.cfg.SettingsFactory - Deleted entity synthetic identifier rollback: disabled
860  [main] INFO  org.hibernate.cfg.SettingsFactory - Default entity-mode: pojo
860  [main] INFO  org.hibernate.cfg.SettingsFactory - Named query checking : enabled
860  [main] INFO  org.hibernate.cfg.SettingsFactory - Check Nullability in Core (should be disabled when Bean Validation is on): disabled
892  [main] INFO  o.hibernate.impl.SessionFactoryImpl - building session factory
1172 [main] INFO  o.h.i.SessionFactoryObjectFactory - Not binding factory to JNDI, no JNDI name configured
187  [main] INFO  o.hibernate.cfg.annotations.Version - Hibernate Annotations 3.5.4-Final
187  [main] INFO  org.hibernate.cfg.Environment - Hibernate 3.5.4-Final
187  [main] INFO  org.hibernate.cfg.Environment - hibernate.properties not found
203  [main] INFO  org.hibernate.cfg.Environment - Bytecode provider name : javassist
203  [main] INFO  org.hibernate.cfg.Environment - using JDK 1.4 java.sql.Timestamp handling
265  [main] INFO  o.h.annotations.common.Version - Hibernate Commons Annotations 3.2.0.Final
374  [main] INFO  org.hibernate.cfg.AnnotationBinder - Binding entity from annotated class: ch.amaba.dao.model.CantonEntity
405  [main] INFO  o.h.cfg.annotations.EntityBinder - Bind entity ch.amaba.dao.model.CantonEntity on table canton
437  [main] INFO  org.hibernate.cfg.AnnotationBinder - Binding entity from annotated class: ch.amaba.dao.model.ContactEntity
437  [main] INFO  o.h.cfg.annotations.EntityBinder - Bind entity ch.amaba.dao.model.ContactEntity on table ContactEntity.java
437  [main] INFO  org.hibernate.cfg.AnnotationBinder - Binding entity from annotated class: ch.amaba.dao.model.InteretEntity
437  [main] INFO  o.h.cfg.annotations.EntityBinder - Bind entity ch.amaba.dao.model.InteretEntity on table interet
437  [main] INFO  org.hibernate.cfg.AnnotationBinder - Binding entity from annotated class: ch.amaba.dao.model.MessageStatutEntity
437  [main] INFO  o.h.cfg.annotations.EntityBinder - Bind entity ch.amaba.dao.model.MessageStatutEntity on table messageStatut
452  [main] INFO  org.hibernate.cfg.AnnotationBinder - Binding entity from annotated class: ch.amaba.dao.model.MusiqueEntity
452  [main] INFO  o.h.cfg.annotations.EntityBinder - Bind entity ch.amaba.dao.model.MusiqueEntity on table musique
452  [main] INFO  org.hibernate.cfg.AnnotationBinder - Binding entity from annotated class: ch.amaba.dao.model.PaysEntity
452  [main] INFO  o.h.cfg.annotations.EntityBinder - Bind entity ch.amaba.dao.model.PaysEntity on table pays
452  [main] INFO  org.hibernate.cfg.AnnotationBinder - Binding entity from annotated class: ch.amaba.dao.model.PreferenceEntity
452  [main] INFO  o.h.cfg.annotations.EntityBinder - Bind entity ch.amaba.dao.model.PreferenceEntity on table preference
452  [main] INFO  org.hibernate.cfg.AnnotationBinder - Binding entity from annotated class: ch.amaba.dao.model.ProfessionEntity
452  [main] INFO  o.h.cfg.annotations.EntityBinder - Bind entity ch.amaba.dao.model.ProfessionEntity on table profession
452  [main] INFO  org.hibernate.cfg.AnnotationBinder - Binding entity from annotated class: ch.amaba.dao.model.ReligionEntity
452  [main] INFO  o.h.cfg.annotations.EntityBinder - Bind entity ch.amaba.dao.model.ReligionEntity on table religion
452  [main] INFO  org.hibernate.cfg.AnnotationBinder - Binding entity from annotated class: ch.amaba.dao.model.SexeEntity
452  [main] INFO  o.h.cfg.annotations.EntityBinder - Bind entity ch.amaba.dao.model.SexeEntity on table sexe
452  [main] INFO  org.hibernate.cfg.AnnotationBinder - Binding entity from annotated class: ch.amaba.dao.model.SportEntity
452  [main] INFO  o.h.cfg.annotations.EntityBinder - Bind entity ch.amaba.dao.model.SportEntity on table sport
468  [main] INFO  org.hibernate.cfg.AnnotationBinder - Binding entity from annotated class: ch.amaba.dao.model.TraductionEntity
468  [main] INFO  o.h.cfg.annotations.EntityBinder - Bind entity ch.amaba.dao.model.TraductionEntity on table traduction
468  [main] INFO  org.hibernate.cfg.AnnotationBinder - Binding entity from annotated class: ch.amaba.dao.model.UserAdressEntity
468  [main] INFO  o.h.cfg.annotations.EntityBinder - Bind entity ch.amaba.dao.model.UserAdressEntity on table usrAdress
468  [main] INFO  org.hibernate.cfg.AnnotationBinder - Binding entity from annotated class: ch.amaba.dao.model.UserAmiEntity
468  [main] INFO  o.h.cfg.annotations.EntityBinder - Bind entity ch.amaba.dao.model.UserAmiEntity on table usrAmi
468  [main] INFO  org.hibernate.cfg.AnnotationBinder - Binding entity from annotated class: ch.amaba.dao.model.UserConnectionEntity
468  [main] INFO  o.h.cfg.annotations.EntityBinder - Bind entity ch.amaba.dao.model.UserConnectionEntity on table usrConnection
468  [main] INFO  org.hibernate.cfg.AnnotationBinder - Binding entity from annotated class: ch.amaba.dao.model.UserContactEntity
468  [main] INFO  o.h.cfg.annotations.EntityBinder - Bind entity ch.amaba.dao.model.UserContactEntity on table usrContact
468  [main] INFO  org.hibernate.cfg.AnnotationBinder - Binding entity from annotated class: ch.amaba.dao.model.UserCoquinEntity
468  [main] INFO  o.h.cfg.annotations.EntityBinder - Bind entity ch.amaba.dao.model.UserCoquinEntity on table usrProfil
468  [main] INFO  org.hibernate.cfg.AnnotationBinder - Binding entity from annotated class: ch.amaba.dao.model.UserEntity
468  [main] INFO  o.h.cfg.annotations.EntityBinder - Bind entity ch.amaba.dao.model.UserEntity on table usr
515  [main] INFO  org.hibernate.cfg.AnnotationBinder - Binding entity from annotated class: ch.amaba.dao.model.UserInteretEntity
515  [main] INFO  o.h.cfg.annotations.EntityBinder - Bind entity ch.amaba.dao.model.UserInteretEntity on table usrInteret
515  [main] INFO  org.hibernate.cfg.AnnotationBinder - Binding entity from annotated class: ch.amaba.dao.model.UserMessageEntity
515  [main] INFO  o.h.cfg.annotations.EntityBinder - Bind entity ch.amaba.dao.model.UserMessageEntity on table usrMessage
515  [main] INFO  org.hibernate.cfg.AnnotationBinder - Binding entity from annotated class: ch.amaba.dao.model.UserMessageStatutEntity
515  [main] INFO  o.h.cfg.annotations.EntityBinder - Bind entity ch.amaba.dao.model.UserMessageStatutEntity on table usrMessageStatut
515  [main] INFO  org.hibernate.cfg.AnnotationBinder - Binding entity from annotated class: ch.amaba.dao.model.UserMusiqueEntity
515  [main] INFO  o.h.cfg.annotations.EntityBinder - Bind entity ch.amaba.dao.model.UserMusiqueEntity on table usrMusique
515  [main] INFO  org.hibernate.cfg.AnnotationBinder - Binding entity from annotated class: ch.amaba.dao.model.UserPhotoEntity
515  [main] INFO  o.h.cfg.annotations.EntityBinder - Bind entity ch.amaba.dao.model.UserPhotoEntity on table usrPhoto
515  [main] INFO  org.hibernate.cfg.AnnotationBinder - Binding entity from annotated class: ch.amaba.dao.model.UserPhysiqueEntity
515  [main] INFO  o.h.cfg.annotations.EntityBinder - Bind entity ch.amaba.dao.model.UserPhysiqueEntity on table usrPhysique
515  [main] INFO  org.hibernate.cfg.AnnotationBinder - Binding entity from annotated class: ch.amaba.dao.model.UserPreferenceEntity
515  [main] INFO  o.h.cfg.annotations.EntityBinder - Bind entity ch.amaba.dao.model.UserPreferenceEntity on table usrPreference
515  [main] INFO  org.hibernate.cfg.AnnotationBinder - Binding entity from annotated class: ch.amaba.dao.model.UserProfessionEntity
515  [main] INFO  o.h.cfg.annotations.EntityBinder - Bind entity ch.amaba.dao.model.UserProfessionEntity on table usrProfession
515  [main] INFO  org.hibernate.cfg.AnnotationBinder - Binding entity from annotated class: ch.amaba.dao.model.UserProfileEntity
530  [main] INFO  o.h.cfg.annotations.EntityBinder - Bind entity ch.amaba.dao.model.UserProfileEntity on table usrProfile
530  [main] INFO  org.hibernate.cfg.AnnotationBinder - Binding entity from annotated class: ch.amaba.dao.model.UserReligionEntity
530  [main] INFO  o.h.cfg.annotations.EntityBinder - Bind entity ch.amaba.dao.model.UserReligionEntity on table usrReligion
530  [main] INFO  org.hibernate.cfg.AnnotationBinder - Binding entity from annotated class: ch.amaba.dao.model.UserSportEntity
530  [main] INFO  o.h.cfg.annotations.EntityBinder - Bind entity ch.amaba.dao.model.UserSportEntity on table usrSport
530  [main] INFO  org.hibernate.cfg.AnnotationBinder - Binding entity from annotated class: ch.amaba.dao.model.UserStatutEntity
530  [main] INFO  o.h.cfg.annotations.EntityBinder - Bind entity ch.amaba.dao.model.UserStatutEntity on table usrStatut
577  [main] INFO  o.h.c.annotations.CollectionBinder - Mapping collection: ch.amaba.dao.model.UserMessageEntity.messageStatuts -> usrMessageStatut
577  [main] INFO  o.h.c.annotations.CollectionBinder - Mapping collection: ch.amaba.dao.model.UserEntity.userSports -> usrSport
577  [main] INFO  o.h.c.annotations.CollectionBinder - Mapping collection: ch.amaba.dao.model.UserEntity.userReligions -> usrReligion
577  [main] INFO  o.h.c.annotations.CollectionBinder - Mapping collection: ch.amaba.dao.model.UserEntity.userProfessions -> usrProfession
577  [main] INFO  o.h.c.annotations.CollectionBinder - Mapping collection: ch.amaba.dao.model.UserEntity.userPhotos -> usrPhoto
593  [main] INFO  o.h.c.annotations.CollectionBinder - Mapping collection: ch.amaba.dao.model.UserEntity.userMusics -> usrMusique
593  [main] INFO  o.h.c.annotations.CollectionBinder - Mapping collection: ch.amaba.dao.model.UserEntity.userInterets -> usrInteret
593  [main] INFO  o.h.c.annotations.CollectionBinder - Mapping collection: ch.amaba.dao.model.UserEntity.userContacts -> usrContact
593  [main] INFO  o.h.c.annotations.CollectionBinder - Mapping collection: ch.amaba.dao.model.UserEntity.userAmis -> usrAmi
593  [main] INFO  o.h.c.annotations.CollectionBinder - Mapping collection: ch.amaba.dao.model.UserEntity.userAdresses -> usrAdress
593  [main] INFO  o.h.c.annotations.CollectionBinder - Mapping collection: ch.amaba.dao.model.UserEntity.userProfil -> usrProfile
593  [main] INFO  o.h.cfg.AnnotationConfiguration - Hibernate Validator not found: ignoring
609  [main] INFO  o.hibernate.validator.util.Version - Hibernate Validator 4.1.0.Final
609  [main] INFO  o.h.v.e.r.DefaultTraversableResolver - Instantiated an instance of org.hibernate.validator.engine.resolver.JPATraversableResolver.
672  [main] INFO  o.h.v.e.r.DefaultTraversableResolver - Instantiated an instance of org.hibernate.validator.engine.resolver.JPATraversableResolver.
672  [main] INFO  o.h.c.s.HibernateSearchEventListenerRegister - Unable to find org.hibernate.search.event.FullTextIndexEventListener on the classpath. Hibernate Search is not enabled.
672  [main] INFO  o.h.v.e.r.DefaultTraversableResolver - Instantiated an instance of org.hibernate.validator.engine.resolver.JPATraversableResolver.
704  [main] INFO  o.h.c.ConnectionProviderFactory - Initializing connection provider: org.springframework.orm.hibernate3.LocalDataSourceConnectionProvider
875  [main] INFO  org.hibernate.cfg.SettingsFactory - RDBMS: MySQL, version: 5.5.10
875  [main] INFO  org.hibernate.cfg.SettingsFactory - JDBC driver: MySQL-AB JDBC Driver, version: mysql-connector-java-5.1.15 ( Revision: ${bzr.revision-id} )
891  [main] INFO  org.hibernate.dialect.Dialect - Using dialect: org.hibernate.dialect.MySQL5Dialect
907  [main] INFO  o.h.t.TransactionFactoryFactory - Transaction strategy: org.springframework.orm.hibernate3.SpringTransactionFactory
907  [main] INFO  o.h.t.TransactionManagerLookupFactory - No TransactionManagerLookup configured (in JTA environment, use of read-write or transactional second-level cache is not recommended)
907  [main] INFO  org.hibernate.cfg.SettingsFactory - Automatic flush during beforeCompletion(): disabled
907  [main] INFO  org.hibernate.cfg.SettingsFactory - Automatic session close at end of transaction: disabled
907  [main] INFO  org.hibernate.cfg.SettingsFactory - JDBC batch size: 20
907  [main] INFO  org.hibernate.cfg.SettingsFactory - JDBC batch updates for versioned data: disabled
907  [main] INFO  org.hibernate.cfg.SettingsFactory - Scrollable result sets: enabled
907  [main] INFO  org.hibernate.cfg.SettingsFactory - JDBC3 getGeneratedKeys(): enabled
907  [main] INFO  org.hibernate.cfg.SettingsFactory - Connection release mode: auto
907  [main] INFO  org.hibernate.cfg.SettingsFactory - Maximum outer join fetch depth: 3
907  [main] INFO  org.hibernate.cfg.SettingsFactory - Default batch fetch size: 1
907  [main] INFO  org.hibernate.cfg.SettingsFactory - Generate SQL with comments: disabled
907  [main] INFO  org.hibernate.cfg.SettingsFactory - Order SQL updates by primary key: disabled
907  [main] INFO  org.hibernate.cfg.SettingsFactory - Order SQL inserts for batching: disabled
907  [main] INFO  org.hibernate.cfg.SettingsFactory - Query translator: org.hibernate.hql.ast.ASTQueryTranslatorFactory
907  [main] INFO  o.h.h.ast.ASTQueryTranslatorFactory - Using ASTQueryTranslatorFactory
907  [main] INFO  org.hibernate.cfg.SettingsFactory - Query language substitutions: {false='N', true='Y'}
907  [main] INFO  org.hibernate.cfg.SettingsFactory - JPA-QL strict compliance: disabled
907  [main] INFO  org.hibernate.cfg.SettingsFactory - Second-level cache: disabled
907  [main] INFO  org.hibernate.cfg.SettingsFactory - Query cache: disabled
907  [main] INFO  org.hibernate.cfg.SettingsFactory - Cache region factory : org.hibernate.cache.impl.NoCachingRegionFactory
907  [main] INFO  org.hibernate.cfg.SettingsFactory - Optimize cache for minimal puts: disabled
907  [main] INFO  org.hibernate.cfg.SettingsFactory - Structured second-level cache entries: disabled
922  [main] INFO  org.hibernate.cfg.SettingsFactory - Echoing all SQL to stdout
922  [main] INFO  org.hibernate.cfg.SettingsFactory - Statistics: disabled
922  [main] INFO  org.hibernate.cfg.SettingsFactory - Deleted entity synthetic identifier rollback: disabled
922  [main] INFO  org.hibernate.cfg.SettingsFactory - Default entity-mode: pojo
922  [main] INFO  org.hibernate.cfg.SettingsFactory - Named query checking : enabled
922  [main] INFO  org.hibernate.cfg.SettingsFactory - Check Nullability in Core (should be disabled when Bean Validation is on): disabled
938  [main] INFO  o.hibernate.impl.SessionFactoryImpl - building session factory
1219 [main] INFO  o.h.i.SessionFactoryObjectFactory - Not binding factory to JNDI, no JNDI name configured
