2605 [main] ERROR o.h.tool.hbm2ddl.SchemaUpdate - Unsuccessful: alter table messageStatut add index FKA3295ADA6594A8D (idMessageStatut), add constraint FKA3295ADA6594A8D foreign key (idMessageStatut) references usrMessageStatut (idMessageStatut)
2621 [main] ERROR o.h.tool.hbm2ddl.SchemaUpdate - Can't create table 'amaba.#sql-5cc_86' (errno: 150)
2621 [main] ERROR o.h.tool.hbm2ddl.SchemaUpdate - Unsuccessful: alter table sport add index FK68927746A1B4A61 (idSport), add constraint FK68927746A1B4A61 foreign key (idSport) references usrSport (idUsrSport)
2621 [main] ERROR o.h.tool.hbm2ddl.SchemaUpdate - Cannot add or update a child row: a foreign key constraint fails (`amaba`.<result 2 when explaining filename '#sql-5cc_86'>, CONSTRAINT `FK68927746A1B4A61` FOREIGN KEY (`idSport`) REFERENCES `usrsport` (`idUsrSport`))
2636 [main] ERROR o.h.tool.hbm2ddl.SchemaUpdate - Unsuccessful: alter table usrMessageStatut add index FKDCC775A6FB763BC7 (idMessage), add constraint FKDCC775A6FB763BC7 foreign key (idMessage) references usrMessage (idMessage)
2636 [main] ERROR o.h.tool.hbm2ddl.SchemaUpdate - Can't create table 'amaba.#sql-5cc_86' (errno: 150)
2714 [main] ERROR o.h.tool.hbm2ddl.SchemaUpdate - Unsuccessful: alter table messageStatut add index FKA3295ADA6594A8D (idMessageStatut), add constraint FKA3295ADA6594A8D foreign key (idMessageStatut) references usrMessageStatut (idMessageStatut)
2730 [main] ERROR o.h.tool.hbm2ddl.SchemaUpdate - Can't create table 'amaba.#sql-5cc_89' (errno: 150)
2745 [main] ERROR o.h.tool.hbm2ddl.SchemaUpdate - Unsuccessful: alter table sport add index FK68927746A1B4A61 (idSport), add constraint FK68927746A1B4A61 foreign key (idSport) references usrSport (idUsrSport)
2745 [main] ERROR o.h.tool.hbm2ddl.SchemaUpdate - Cannot add or update a child row: a foreign key constraint fails (`amaba`.<result 2 when explaining filename '#sql-5cc_89'>, CONSTRAINT `FK68927746A1B4A61` FOREIGN KEY (`idSport`) REFERENCES `usrsport` (`idUsrSport`))
2745 [main] ERROR o.h.tool.hbm2ddl.SchemaUpdate - Unsuccessful: alter table usrMessageStatut add index FKDCC775A6FB763BC7 (idMessage), add constraint FKDCC775A6FB763BC7 foreign key (idMessage) references usrMessage (idMessage)
2745 [main] ERROR o.h.tool.hbm2ddl.SchemaUpdate - Can't create table 'amaba.#sql-5cc_89' (errno: 150)
2590 [main] ERROR o.h.tool.hbm2ddl.SchemaUpdate - Unsuccessful: alter table messageStatut add index FKA3295ADA6594A8D (idMessageStatut), add constraint FKA3295ADA6594A8D foreign key (idMessageStatut) references usrMessageStatut (idUsrMessageStatut)
2590 [main] ERROR o.h.tool.hbm2ddl.SchemaUpdate - Cannot add or update a child row: a foreign key constraint fails (`amaba`.<result 2 when explaining filename '#sql-5cc_8a'>, CONSTRAINT `FKA3295ADA6594A8D` FOREIGN KEY (`idMessageStatut`) REFERENCES `usrmessagestatut` (`idUsrMessageStatut`))
2605 [main] ERROR o.h.tool.hbm2ddl.SchemaUpdate - Unsuccessful: alter table sport add index FK68927746A1B4A61 (idSport), add constraint FK68927746A1B4A61 foreign key (idSport) references usrSport (idUsrSport)
2605 [main] ERROR o.h.tool.hbm2ddl.SchemaUpdate - Cannot add or update a child row: a foreign key constraint fails (`amaba`.<result 2 when explaining filename '#sql-5cc_8a'>, CONSTRAINT `FK68927746A1B4A61` FOREIGN KEY (`idSport`) REFERENCES `usrsport` (`idUsrSport`))
2794 [main] ERROR o.h.util.JDBCExceptionReporter - Field 'idUsr' doesn't have a default value
2886 [main] ERROR o.h.tool.hbm2ddl.SchemaUpdate - Unsuccessful: alter table messageStatut add index FKA3295ADA6594A8D (idMessageStatut), add constraint FKA3295ADA6594A8D foreign key (idMessageStatut) references usrMessageStatut (idUsrMessageStatut)
2886 [main] ERROR o.h.tool.hbm2ddl.SchemaUpdate - Cannot add or update a child row: a foreign key constraint fails (`amaba`.<result 2 when explaining filename '#sql-5cc_8d'>, CONSTRAINT `FKA3295ADA6594A8D` FOREIGN KEY (`idMessageStatut`) REFERENCES `usrmessagestatut` (`idUsrMessageStatut`))
2901 [main] ERROR o.h.tool.hbm2ddl.SchemaUpdate - Unsuccessful: alter table sport add index FK68927746A1B4A61 (idSport), add constraint FK68927746A1B4A61 foreign key (idSport) references usrSport (idUsrSport)
2901 [main] ERROR o.h.tool.hbm2ddl.SchemaUpdate - Cannot add or update a child row: a foreign key constraint fails (`amaba`.<result 2 when explaining filename '#sql-5cc_8d'>, CONSTRAINT `FK68927746A1B4A61` FOREIGN KEY (`idSport`) REFERENCES `usrsport` (`idUsrSport`))
2153 [main] ERROR o.h.tool.hbm2ddl.SchemaUpdate - Unsuccessful: alter table messageStatut add index FKA3295ADA6594A8D (idMessageStatut), add constraint FKA3295ADA6594A8D foreign key (idMessageStatut) references usrMessageStatut (idUsrMessageStatut)
2153 [main] ERROR o.h.tool.hbm2ddl.SchemaUpdate - Cannot add or update a child row: a foreign key constraint fails (`amaba`.<result 2 when explaining filename '#sql-5cc_8e'>, CONSTRAINT `FKA3295ADA6594A8D` FOREIGN KEY (`idMessageStatut`) REFERENCES `usrmessagestatut` (`idUsrMessageStatut`))
2169 [main] ERROR o.h.tool.hbm2ddl.SchemaUpdate - Unsuccessful: alter table sport add index FK68927746A1B4A61 (idSport), add constraint FK68927746A1B4A61 foreign key (idSport) references usrSport (idUsrSport)
2169 [main] ERROR o.h.tool.hbm2ddl.SchemaUpdate - Cannot add or update a child row: a foreign key constraint fails (`amaba`.<result 2 when explaining filename '#sql-5cc_8e'>, CONSTRAINT `FK68927746A1B4A61` FOREIGN KEY (`idSport`) REFERENCES `usrsport` (`idUsrSport`))
2341 [main] ERROR o.h.util.JDBCExceptionReporter - Column 'idMessageStatut' cannot be null
2293 [main] ERROR o.h.tool.hbm2ddl.SchemaUpdate - Unsuccessful: alter table messageStatut add index FKA3295ADA6594A8D (idMessageStatut), add constraint FKA3295ADA6594A8D foreign key (idMessageStatut) references usrMessageStatut (idUsrMessageStatut)
2293 [main] ERROR o.h.tool.hbm2ddl.SchemaUpdate - Cannot add or update a child row: a foreign key constraint fails (`amaba`.<result 2 when explaining filename '#sql-5cc_8f'>, CONSTRAINT `FKA3295ADA6594A8D` FOREIGN KEY (`idMessageStatut`) REFERENCES `usrmessagestatut` (`idUsrMessageStatut`))
2309 [main] ERROR o.h.tool.hbm2ddl.SchemaUpdate - Unsuccessful: alter table sport add index FK68927746A1B4A61 (idSport), add constraint FK68927746A1B4A61 foreign key (idSport) references usrSport (idUsrSport)
2309 [main] ERROR o.h.tool.hbm2ddl.SchemaUpdate - Cannot add or update a child row: a foreign key constraint fails (`amaba`.<result 2 when explaining filename '#sql-5cc_8f'>, CONSTRAINT `FK68927746A1B4A61` FOREIGN KEY (`idSport`) REFERENCES `usrsport` (`idUsrSport`))
2497 [main] ERROR o.h.util.JDBCExceptionReporter - Column 'idMessageStatut' cannot be null
2137 [main] ERROR o.h.tool.hbm2ddl.SchemaUpdate - Unsuccessful: alter table messageStatut add index FKA3295ADA6594A8D (idMessageStatut), add constraint FKA3295ADA6594A8D foreign key (idMessageStatut) references usrMessageStatut (idUsrMessageStatut)
2137 [main] ERROR o.h.tool.hbm2ddl.SchemaUpdate - Cannot add or update a child row: a foreign key constraint fails (`amaba`.<result 2 when explaining filename '#sql-5cc_90'>, CONSTRAINT `FKA3295ADA6594A8D` FOREIGN KEY (`idMessageStatut`) REFERENCES `usrmessagestatut` (`idUsrMessageStatut`))
2152 [main] ERROR o.h.tool.hbm2ddl.SchemaUpdate - Unsuccessful: alter table sport add index FK68927746A1B4A61 (idSport), add constraint FK68927746A1B4A61 foreign key (idSport) references usrSport (idUsrSport)
2152 [main] ERROR o.h.tool.hbm2ddl.SchemaUpdate - Cannot add or update a child row: a foreign key constraint fails (`amaba`.<result 2 when explaining filename '#sql-5cc_90'>, CONSTRAINT `FK68927746A1B4A61` FOREIGN KEY (`idSport`) REFERENCES `usrsport` (`idUsrSport`))
