2434 [main] ERROR o.h.tool.hbm2ddl.SchemaUpdate - Unsuccessful: alter table religion add index FKDF5ECD31F46BD36F (idReligion), add constraint FKDF5ECD31F46BD36F foreign key (idReligion) references usrReligion (idUsrReligion)
2434 [main] ERROR o.h.tool.hbm2ddl.SchemaUpdate - Cannot add or update a child row: a foreign key constraint fails (`amaba`.<result 2 when explaining filename '#sql-5cc_69'>, CONSTRAINT `FKDF5ECD31F46BD36F` FOREIGN KEY (`idReligion`) REFERENCES `usrreligion` (`idUsrReligion`))
2482 [main] ERROR o.h.tool.hbm2ddl.SchemaUpdate - Unsuccessful: alter table sport add index FK68927746A1B4A61 (idSport), add constraint FK68927746A1B4A61 foreign key (idSport) references usrSport (idUsrSport)
2482 [main] ERROR o.h.tool.hbm2ddl.SchemaUpdate - Cannot add or update a child row: a foreign key constraint fails (`amaba`.<result 2 when explaining filename '#sql-5cc_69'>, CONSTRAINT `FK68927746A1B4A61` FOREIGN KEY (`idSport`) REFERENCES `usrsport` (`idUsrSport`))
1997 [main] ERROR o.h.tool.hbm2ddl.SchemaUpdate - Unsuccessful: alter table sport add index FK68927746A1B4A61 (idSport), add constraint FK68927746A1B4A61 foreign key (idSport) references usrSport (idUsrSport)
1997 [main] ERROR o.h.tool.hbm2ddl.SchemaUpdate - Cannot add or update a child row: a foreign key constraint fails (`amaba`.<result 2 when explaining filename '#sql-5cc_6a'>, CONSTRAINT `FK68927746A1B4A61` FOREIGN KEY (`idSport`) REFERENCES `usrsport` (`idUsrSport`))
2246 [main] ERROR o.h.tool.hbm2ddl.SchemaUpdate - Unsuccessful: alter table sport add index FK68927746A1B4A61 (idSport), add constraint FK68927746A1B4A61 foreign key (idSport) references usrSport (idUsrSport)
2246 [main] ERROR o.h.tool.hbm2ddl.SchemaUpdate - Cannot add or update a child row: a foreign key constraint fails (`amaba`.<result 2 when explaining filename '#sql-5cc_6d'>, CONSTRAINT `FK68927746A1B4A61` FOREIGN KEY (`idSport`) REFERENCES `usrsport` (`idUsrSport`))
2090 [main] ERROR o.h.tool.hbm2ddl.SchemaUpdate - Unsuccessful: alter table sport add index FK68927746A1B4A61 (idSport), add constraint FK68927746A1B4A61 foreign key (idSport) references usrSport (idUsrSport)
2090 [main] ERROR o.h.tool.hbm2ddl.SchemaUpdate - Cannot add or update a child row: a foreign key constraint fails (`amaba`.<result 2 when explaining filename '#sql-5cc_6e'>, CONSTRAINT `FK68927746A1B4A61` FOREIGN KEY (`idSport`) REFERENCES `usrsport` (`idUsrSport`))
2138 [main] ERROR o.h.tool.hbm2ddl.SchemaUpdate - Unsuccessful: alter table usrInteret add index FK5A82CE5772A7F12B (idUsr), add constraint FK5A82CE5772A7F12B foreign key (idUsr) references usr (idUsr)
2138 [main] ERROR o.h.tool.hbm2ddl.SchemaUpdate - Can't create table 'amaba.#sql-5cc_6e' (errno: 150)
2153 [main] ERROR o.h.tool.hbm2ddl.SchemaUpdate - Unsuccessful: alter table sport add index FK68927746A1B4A61 (idSport), add constraint FK68927746A1B4A61 foreign key (idSport) references usrSport (idUsrSport)
2153 [main] ERROR o.h.tool.hbm2ddl.SchemaUpdate - Cannot add or update a child row: a foreign key constraint fails (`amaba`.<result 2 when explaining filename '#sql-5cc_6f'>, CONSTRAINT `FK68927746A1B4A61` FOREIGN KEY (`idSport`) REFERENCES `usrsport` (`idUsrSport`))
2201 [main] ERROR o.h.tool.hbm2ddl.SchemaUpdate - Unsuccessful: alter table usrInteret add index FK5A82CE5772A7F12B (idUsr), add constraint FK5A82CE5772A7F12B foreign key (idUsr) references usr (idUsr)
2201 [main] ERROR o.h.tool.hbm2ddl.SchemaUpdate - Can't create table 'amaba.#sql-5cc_6f' (errno: 150)
2512 [main] ERROR o.h.tool.hbm2ddl.SchemaUpdate - Unsuccessful: alter table sport add index FK68927746A1B4A61 (idSport), add constraint FK68927746A1B4A61 foreign key (idSport) references usrSport (idUsrSport)
2512 [main] ERROR o.h.tool.hbm2ddl.SchemaUpdate - Cannot add or update a child row: a foreign key constraint fails (`amaba`.<result 2 when explaining filename '#sql-5cc_70'>, CONSTRAINT `FK68927746A1B4A61` FOREIGN KEY (`idSport`) REFERENCES `usrsport` (`idUsrSport`))
2059 [main] ERROR o.h.tool.hbm2ddl.SchemaUpdate - Unsuccessful: alter table sport add index FK68927746A1B4A61 (idSport), add constraint FK68927746A1B4A61 foreign key (idSport) references usrSport (idUsrSport)
2075 [main] ERROR o.h.tool.hbm2ddl.SchemaUpdate - Cannot add or update a child row: a foreign key constraint fails (`amaba`.<result 2 when explaining filename '#sql-5cc_71'>, CONSTRAINT `FK68927746A1B4A61` FOREIGN KEY (`idSport`) REFERENCES `usrsport` (`idUsrSport`))
1950 [main] ERROR o.h.tool.hbm2ddl.SchemaUpdate - Unsuccessful: alter table sport add index FK68927746A1B4A61 (idSport), add constraint FK68927746A1B4A61 foreign key (idSport) references usrSport (idUsrSport)
1950 [main] ERROR o.h.tool.hbm2ddl.SchemaUpdate - Cannot add or update a child row: a foreign key constraint fails (`amaba`.<result 2 when explaining filename '#sql-5cc_72'>, CONSTRAINT `FK68927746A1B4A61` FOREIGN KEY (`idSport`) REFERENCES `usrsport` (`idUsrSport`))
2200 [main] ERROR o.h.tool.hbm2ddl.SchemaUpdate - Unsuccessful: alter table sport add index FK68927746A1B4A61 (idSport), add constraint FK68927746A1B4A61 foreign key (idSport) references usrSport (idUsrSport)
2200 [main] ERROR o.h.tool.hbm2ddl.SchemaUpdate - Cannot add or update a child row: a foreign key constraint fails (`amaba`.<result 2 when explaining filename '#sql-5cc_73'>, CONSTRAINT `FK68927746A1B4A61` FOREIGN KEY (`idSport`) REFERENCES `usrsport` (`idUsrSport`))
1950 [main] ERROR o.h.tool.hbm2ddl.SchemaUpdate - Unsuccessful: alter table sport add index FK68927746A1B4A61 (idSport), add constraint FK68927746A1B4A61 foreign key (idSport) references usrSport (idUsrSport)
1950 [main] ERROR o.h.tool.hbm2ddl.SchemaUpdate - Cannot add or update a child row: a foreign key constraint fails (`amaba`.<result 2 when explaining filename '#sql-5cc_74'>, CONSTRAINT `FK68927746A1B4A61` FOREIGN KEY (`idSport`) REFERENCES `usrsport` (`idUsrSport`))
